mode: set
github.com/SamuelMarks/go-auto-err-handling/cmd/ffi/main.go:19.47,22.16 3 1
github.com/SamuelMarks/go-auto-err-handling/cmd/ffi/main.go:22.16,24.3 1 1
github.com/SamuelMarks/go-auto-err-handling/cmd/ffi/main.go:25.2,25.10 1 1
github.com/SamuelMarks/go-auto-err-handling/cmd/ffi/main.go:31.60,35.16 4 1
github.com/SamuelMarks/go-auto-err-handling/cmd/ffi/main.go:35.16,37.3 1 1
github.com/SamuelMarks/go-auto-err-handling/cmd/ffi/main.go:38.2,38.10 1 1
github.com/SamuelMarks/go-auto-err-handling/cmd/ffi/main.go:42.57,64.2 3 1
github.com/SamuelMarks/go-auto-err-handling/cmd/ffi/main.go:66.14,66.15 0 1
github.com/SamuelMarks/go-auto-err-handling/cmd/ffi/main.go:71.42,75.2 3 1
github.com/SamuelMarks/go-auto-err-handling/cmd/ffi/main.go:78.53,82.2 3 1
